
> @lapidist/garnet-storybook@0.3.4 build:storybook
> storybook build --output-dir /var/folders/j3/3tln3q4537nbc61_rt3tx4l40000gn/T/chromatic--46173-kVZUDvlpcoT5

@storybook/cli v7.6.5

info => Cleaning outputDir: /var/folders/j3/3tln3q4537nbc61_rt3tx4l40000gn/T/chromatic--46173-kVZUDvlpcoT5
info => Loading presets
info => Building manager..
info => Manager built (58 ms)
info => Building preview..
info => Copying static files: /Users/brett/Repositories/garnet/node_modules/@storybook/manager/static at /var/folders/j3/3tln3q4537nbc61_rt3tx4l40000gn/T/chromatic--46173-kVZUDvlpcoT5/sb-common-assets
WARN No story files found for the specified pattern: stories/**/*.mdx
[33mThe CJS build of Vite's Node API is deprecated. See https://vitejs.dev/guide/troubleshooting.html#vite-cjs-node-api-deprecated for more details.[39m
vite v5.0.10 building for production...

./sb-common-assets/fonts.css doesn't exist at build time, it will remain unchanged to be resolved at runtime
transforming...
../../node_modules/telejson/dist/index.mjs (1413:15) Use of eval in "../../node_modules/telejson/dist/index.mjs" is strongly discouraged as it poses security risks and may cause issues with minification.
../../node_modules/telejson/dist/index.mjs (1416:18) Use of eval in "../../node_modules/telejson/dist/index.mjs" is strongly discouraged as it poses security risks and may cause issues with minification.
✓ 539 modules transformed.
rendering chunks...
computing gzip size...
../../../../../../var/folders/j3/3tln3q4537nbc61_rt3tx4l40000gn/T/chromatic--46173-kVZUDvlpcoT5/iframe.html                                     12.77 kB │ gzip:   3.59 kB
../../../../../../var/folders/j3/3tln3q4537nbc61_rt3tx4l40000gn/T/chromatic--46173-kVZUDvlpcoT5/assets/preview-30-kI61I.css                      8.62 kB │ gzip:   2.33 kB
../../../../../../var/folders/j3/3tln3q4537nbc61_rt3tx4l40000gn/T/chromatic--46173-kVZUDvlpcoT5/assets/preview--soEhEO6.js                       0.14 kB │ gzip:   0.14 kB
../../../../../../var/folders/j3/3tln3q4537nbc61_rt3tx4l40000gn/T/chromatic--46173-kVZUDvlpcoT5/assets/_commonjsHelpers-5-cIlDoe.js              0.24 kB │ gzip:   0.18 kB
../../../../../../var/folders/j3/3tln3q4537nbc61_rt3tx4l40000gn/T/chromatic--46173-kVZUDvlpcoT5/assets/WithTooltip-V3YHNWJZ-3-in71QU.js          0.39 kB │ gzip:   0.25 kB
../../../../../../var/folders/j3/3tln3q4537nbc61_rt3tx4l40000gn/T/chromatic--46173-kVZUDvlpcoT5/assets/syntaxhighlighter-V7JZZA35-NSGxcWQe.js    0.40 kB │ gzip:   0.27 kB
../../../../../../var/folders/j3/3tln3q4537nbc61_rt3tx4l40000gn/T/chromatic--46173-kVZUDvlpcoT5/assets/index-7MmEg4M7.js                         0.58 kB │ gzip:   0.35 kB
../../../../../../var/folders/j3/3tln3q4537nbc61_rt3tx4l40000gn/T/chromatic--46173-kVZUDvlpcoT5/assets/preview-VI2eoWmp.js                       0.64 kB │ gzip:   0.44 kB
../../../../../../var/folders/j3/3tln3q4537nbc61_rt3tx4l40000gn/T/chromatic--46173-kVZUDvlpcoT5/assets/preview-Tt97ZokK.js                       0.68 kB │ gzip:   0.41 kB
../../../../../../var/folders/j3/3tln3q4537nbc61_rt3tx4l40000gn/T/chromatic--46173-kVZUDvlpcoT5/assets/index-PPLHz8o0.js                         0.77 kB │ gzip:   0.47 kB
../../../../../../var/folders/j3/3tln3q4537nbc61_rt3tx4l40000gn/T/chromatic--46173-kVZUDvlpcoT5/assets/preview-bEa2SesL.js                       0.86 kB │ gzip:   0.55 kB
../../../../../../var/folders/j3/3tln3q4537nbc61_rt3tx4l40000gn/T/chromatic--46173-kVZUDvlpcoT5/assets/entry-preview-GDFEuoaf.js                 1.12 kB │ gzip:   0.66 kB
../../../../../../var/folders/j3/3tln3q4537nbc61_rt3tx4l40000gn/T/chromatic--46173-kVZUDvlpcoT5/assets/preview-YilAqOIs.js                       1.24 kB │ gzip:   0.76 kB
../../../../../../var/folders/j3/3tln3q4537nbc61_rt3tx4l40000gn/T/chromatic--46173-kVZUDvlpcoT5/assets/Button.stories-EDJllMZm.js                2.56 kB │ gzip:   1.14 kB
../../../../../../var/folders/j3/3tln3q4537nbc61_rt3tx4l40000gn/T/chromatic--46173-kVZUDvlpcoT5/assets/index-ogXoivrg.js                         2.59 kB │ gzip:   1.26 kB
../../../../../../var/folders/j3/3tln3q4537nbc61_rt3tx4l40000gn/T/chromatic--46173-kVZUDvlpcoT5/assets/preview-wm7zCcxo.js                       3.21 kB │ gzip:   1.37 kB
../../../../../../var/folders/j3/3tln3q4537nbc61_rt3tx4l40000gn/T/chromatic--46173-kVZUDvlpcoT5/assets/iframe-_SPnofBj.js                        3.95 kB │ gzip:   1.63 kB
../../../../../../var/folders/j3/3tln3q4537nbc61_rt3tx4l40000gn/T/chromatic--46173-kVZUDvlpcoT5/assets/index-XiNr8FW2.js                         7.16 kB │ gzip:   2.91 kB
../../../../../../var/folders/j3/3tln3q4537nbc61_rt3tx4l40000gn/T/chromatic--46173-kVZUDvlpcoT5/assets/preview-u8M_OEO2.js                       7.62 kB │ gzip:   1.55 kB
../../../../../../var/folders/j3/3tln3q4537nbc61_rt3tx4l40000gn/T/chromatic--46173-kVZUDvlpcoT5/assets/preview-MdQXpms2.js                       8.28 kB │ gzip:   3.17 kB
../../../../../../var/folders/j3/3tln3q4537nbc61_rt3tx4l40000gn/T/chromatic--46173-kVZUDvlpcoT5/assets/Color-6VNJS4EI-fGV8JiCz.js               31.00 kB │ gzip:  11.74 kB
../../../../../../var/folders/j3/3tln3q4537nbc61_rt3tx4l40000gn/T/chromatic--46173-kVZUDvlpcoT5/assets/_getPrototype-4FkL748a.js                78.40 kB │ gzip:  23.54 kB
../../../../../../var/folders/j3/3tln3q4537nbc61_rt3tx4l40000gn/T/chromatic--46173-kVZUDvlpcoT5/assets/react-18-8u3SsdfO.js                    134.54 kB │ gzip:  43.45 kB
../../../../../../var/folders/j3/3tln3q4537nbc61_rt3tx4l40000gn/T/chromatic--46173-kVZUDvlpcoT5/assets/entry-preview-docs-0QUCOuxl.js          322.46 kB │ gzip:  99.99 kB
../../../../../../var/folders/j3/3tln3q4537nbc61_rt3tx4l40000gn/T/chromatic--46173-kVZUDvlpcoT5/assets/DocsRenderer-NNNQARDV-7gNL7Qk3.js       536.63 kB │ gzip: 175.86 kB
../../../../../../var/folders/j3/3tln3q4537nbc61_rt3tx4l40000gn/T/chromatic--46173-kVZUDvlpcoT5/assets/axe-UZVh7oGJ.js                         554.59 kB │ gzip: 152.20 kB
../../../../../../var/folders/j3/3tln3q4537nbc61_rt3tx4l40000gn/T/chromatic--46173-kVZUDvlpcoT5/assets/formatter-SWP5E3XI-OnOZc6gM.js          601.59 kB │ gzip: 186.23 kB

(!) Some chunks are larger than 500 kB after minification. Consider:
- Using dynamic import() to code-split the application
- Use build.rollupOptions.output.manualChunks to improve chunking: https://rollupjs.org/configuration-options/#output-manualchunks
- Adjust chunk size limit for this warning via build.chunkSizeWarningLimit.
✓ built in 3.61s
info => Preview built (3.82 s)
info => Output directory: /var/folders/j3/3tln3q4537nbc61_rt3tx4l40000gn/T/chromatic--46173-kVZUDvlpcoT5
